<?xml version="1.0" encoding="utf-8"?><testsuites name="pytest tests"><testsuite name="pytest" errors="0" failures="0" skipped="0" tests="44" time="5.483" timestamp="2026-05-27T16:36:04.440582+00:00" hostname="agent-env-5f4df293-a0c3-4dfc-8ab8-8273cfbf1316"><testcase classname="backend.tests.test_backend_full.TestPublic" name="test_health" time="0.156" /><testcase classname="backend.tests.test_backend_full.TestPublic" name="test_stats" time="0.115" /><testcase classname="backend.tests.test_backend_full.TestPublic" name="test_public_internships" time="0.110" /><testcase classname="backend.tests.test_backend_full.TestPublic" name="test_public_institutions" time="0.104" /><testcase classname="backend.tests.test_backend_full.TestAuth" name="test_admin_login" time="0.344" /><testcase classname="backend.tests.test_backend_full.TestAuth" name="test_student_login" time="0.328" /><testcase classname="backend.tests.test_backend_full.TestAuth" name="test_startup_login" time="0.337" /><testcase classname="backend.tests.test_backend_full.TestAuth" name="test_institution_login" time="0.330" /><testcase classname="backend.tests.test_backend_full.TestAuth" name="test_login_invalid" time="0.122" /><testcase classname="backend.tests.test_backend_full.TestAuth" name="test_auth_me_unauthenticated" time="0.115" /><testcase classname="backend.tests.test_backend_full.TestAuth" name="test_auth_me_authenticated" time="0.054" /><testcase classname="backend.tests.test_backend_full.TestAuth" name="test_refresh" time="0.051" /><testcase classname="backend.tests.test_backend_full.TestAuth" name="test_register_weak_password" time="0.107" /><testcase classname="backend.tests.test_backend_full.TestAuth" name="test_register_duplicate" time="0.110" /><testcase classname="backend.tests.test_backend_full.TestInternships" name="test_list" time="0.116" /><testcase classname="backend.tests.test_backend_full.TestInternships" name="test_list_with_filters" time="0.111" /><testcase classname="backend.tests.test_backend_full.TestInternships" name="test_list_search" time="0.113" /><testcase classname="backend.tests.test_backend_full.TestInternships" name="test_get_single" time="0.234" /><testcase classname="backend.tests.test_backend_full.TestInternships" name="test_get_nonexistent" time="0.114" /><testcase classname="backend.tests.test_backend_full.TestStudent" name="test_recommendations" time="0.061" /><testcase classname="backend.tests.test_backend_full.TestStudent" name="test_apply_and_my_applications" time="0.292" /><testcase classname="backend.tests.test_backend_full.TestStudent" name="test_apply_duplicate_rejected" time="0.114" /><testcase classname="backend.tests.test_backend_full.TestRoleAccess" name="test_student_cannot_post_internship" time="0.054" /><testcase classname="backend.tests.test_backend_full.TestRoleAccess" name="test_startup_cannot_apply" time="0.051" /><testcase classname="backend.tests.test_backend_full.TestRoleAccess" name="test_student_cannot_access_admin" time="0.055" /><testcase classname="backend.tests.test_backend_full.TestStartup" name="test_dashboard" time="0.055" /><testcase classname="backend.tests.test_backend_full.TestStartup" name="test_listings" time="0.058" /><testcase classname="backend.tests.test_backend_full.TestStartup" name="test_candidates" time="0.057" /><testcase classname="backend.tests.test_backend_full.TestStartup" name="test_create_listing" time="0.162" /><testcase classname="backend.tests.test_backend_full.TestStartup" name="test_pipeline_status_update" time="0.109" /><testcase classname="backend.tests.test_backend_full.TestInstitution" name="test_students" time="0.051" /><testcase classname="backend.tests.test_backend_full.TestInstitution" name="test_analytics" time="0.053" /><testcase classname="backend.tests.test_backend_full.TestAdmin" name="test_analytics" time="0.059" /><testcase classname="backend.tests.test_backend_full.TestAdmin" name="test_pending_startups" time="0.053" /><testcase classname="backend.tests.test_backend_full.TestAdmin" name="test_pending_institutions" time="0.053" /><testcase classname="backend.tests.test_backend_full.TestAdmin" name="test_users_list" time="0.052" /><testcase classname="backend.tests.test_backend_full.TestAdmin" name="test_listings_list" time="0.064" /><testcase classname="backend.tests.test_backend_full.TestAdmin" name="test_register_and_approve_startup" time="0.558" /><testcase classname="backend.tests.test_backend_full.TestNotifications" name="test_list" time="0.050" /><testcase classname="backend.tests.test_backend_full.TestNotifications" name="test_read_all" time="0.055" /><testcase classname="backend.tests.test_backend_full.TestProfile" name="test_student_update" time="0.054" /><testcase classname="backend.tests.test_backend_full.TestProfile" name="test_startup_update" time="0.053" /><testcase classname="backend.tests.test_backend_full.TestProfile" name="test_institution_update" time="0.054" /><testcase classname="backend.tests.test_backend_full.TestMatchScore" name="test_score_tiers" time="0.061" /></testsuite></testsuites>